<?xml version="1.0" encoding="UTF-8"?>
<!-- Generated by org.testng.reporters.JUnitXMLReporter -->
<testsuite hostname="Deepaks-MacBook-Pro-3.local" name="Command line test" tests="6" failures="0" timestamp="13 Dec 2016 07:33:45 GMT" time="1.585" errors="0">
  <testcase name="_testStringReplacemt" time="0.004" classname="com.app.work.StringTest"/>
  <testcase name="testStringReplacemtWithJava" time="0.0" classname="com.app.work.StringTest"/>
  <testcase name="_testSearchTerm" time="1.021" classname="com.app.work.TestiTunesSearchApi"/>
  <testcase name="_testSearchTermCountry" time="0.109" classname="com.app.work.TestiTunesSearchApi"/>
  <testcase name="_testSearchTermCountryMedia" time="0.293" classname="com.app.work.TestiTunesSearchApi"/>
  <testcase name="_testSearchTermCountryMediaWithLimit" time="0.132" classname="com.app.work.TestiTunesSearchApi"/>
</testsuite> <!-- Command line test -->
